<?xml version="1.0" encoding="UTF-8"?>
<!-- Generated by org.testng.reporters.JUnitReportReporter -->
<testsuite skipped="0" hostname="ASDP1740PO02529" name="ActionPackage.TatocTestBasic" tests="5" failures="0" timestamp="26 Jul 2017 07:34:26 GMT" time="35.539" errors="0">
  <testcase name="testGreebBox" time="0.387" classname="ActionPackage.TatocTestBasic"/>
  <testcase name="testFrameDungeon" time="33.153" classname="ActionPackage.TatocTestBasic"/>
  <testcase name="testDragAround" time="0.304" classname="ActionPackage.TatocTestBasic"/>
  <testcase name="testPopUpWindow" time="1.481" classname="ActionPackage.TatocTestBasic"/>
  <testcase name="testCookies" time="0.214" classname="ActionPackage.TatocTestBasic"/>
</testsuite> <!-- ActionPackage.TatocTestBasic -->
