<?xml version="1.0" encoding="UTF-8"?>
<!-- Generated by org.testng.reporters.JUnitReportReporter -->
<testsuite skipped="0" hostname="ASDP1740PO02529" name="TestPackage.TatocTestBasic" tests="5" failures="0" timestamp="28 Jul 2017 05:17:16 GMT" time="44.077" errors="0">
  <testcase name="testGreebBox" time="0.569" classname="TestPackage.TatocTestBasic"/>
  <testcase name="testFrameDungeon" time="41.578" classname="TestPackage.TatocTestBasic"/>
  <testcase name="testDragAround" time="0.238" classname="TestPackage.TatocTestBasic"/>
  <testcase name="testPopUpWindow" time="1.488" classname="TestPackage.TatocTestBasic"/>
  <testcase name="testCookies" time="0.204" classname="TestPackage.TatocTestBasic"/>
</testsuite> <!-- TestPackage.TatocTestBasic -->
