<?xml version="1.0" encoding="UTF-8"?>
<!-- Generated by org.testng.reporters.JUnitReportReporter -->
<testsuite skipped="0" hostname="ASDP1740PO02529" name="TestPackage.TatocTestAdvance" tests="5" failures="0" timestamp="27 Jul 2017 07:21:28 GMT" time="17.592" errors="0">
  <testcase name="testHoverMenu" time="2.557" classname="TestPackage.TatocTestAdvance"/>
  <testcase name="testDatabaseQuery" time="1.038" classname="TestPackage.TatocTestAdvance"/>
  <testcase name="testOoyalaPlayerD" time="0.118" classname="TestPackage.TatocTestAdvance"/>
  <testcase name="testRestFulApi" time="7.401" classname="TestPackage.TatocTestAdvance"/>
  <testcase name="testFileHandle" time="6.478" classname="TestPackage.TatocTestAdvance"/>
</testsuite> <!-- TestPackage.TatocTestAdvance -->
