<?xml version="1.0" encoding="UTF-8"?>
<!-- Generated by org.testng.reporters.JUnitReportReporter -->
<testsuite skipped="0" hostname="ASDP1740PO02529" name="TestPackage.TatocTestAdvance" tests="5" failures="0" timestamp="28 Jul 2017 06:08:48 GMT" time="14.762" errors="0">
  <testcase name="testHoverMenu" time="2.340" classname="TestPackage.TatocTestAdvance"/>
  <testcase name="testDatabaseQuery" time="1.060" classname="TestPackage.TatocTestAdvance"/>
  <testcase name="testOoyalaPlayerD" time="0.086" classname="TestPackage.TatocTestAdvance"/>
  <testcase name="testRestFulApi" time="5.008" classname="TestPackage.TatocTestAdvance"/>
  <testcase name="testFileHandle" time="6.268" classname="TestPackage.TatocTestAdvance"/>
</testsuite> <!-- TestPackage.TatocTestAdvance -->
